14.061 [31mWARN [0;39m [34m[0;39m (c.z.hikari.pool.HikariPool    :788 28.960 [31mWARN [0;39m [34m[0;39m (c.z.hikari.pool.HikariPool    :788 57.014 [31mWARN [0;39m [34m[0;39m (c.z.hikari.pool.HikariPool    :788 18.193 [31mWARN [0;39m [34m[0;39m (c.z.hikari.pool.HikariPool    :788 14.279 [31mWARN [0;39m [34m[0;39m (c.z.hikari.pool.HikariPool    :788 24.381 [31mWARN [0;39m [34m[0;39m (c.z.hikari.pool.HikariPool    :788 11.373 [31mWARN [0;39m [34m[0;39m (c.z.hikari.pool.HikariPool    :788 11.331 [31mWARN [0;39m [34m[0;39m (c.z.hikari.pool.HikariPool    :788 02.306 [31mWARN [0;39m [34m[0;39m (c.z.hikari.pool.HikariPool    :788 49.304 [31mWARN [0;39m [34m[0;39m (c.z.hikari.pool.HikariPool    :788 53.003 [31mWARN [0;39m [34m[0;39m (c.z.hikari.pool.HikariPool    :788 01.472 [34mINFO [0;39m [34m[0;39m (c.z.hikari.HikariDataSource   :350 01.475 [34mINFO [0;39m [34m[0;39m (c.z.hikari.HikariDataSource   :352 01.717 [34mINFO [0;39m [34m[0;39m (c.y.w.WikiSpringApplication   :55  01.717 [34mINFO [0;39m [34m[0;39m (c.y.w.WikiSpringApplication   :659 02.004 [34mINFO [0;39m [34m[0;39m (o.s.b.w.e.t.TomcatWebServer   :108 02.005 [34mINFO [0;39m [34m[0;39m (o.a.c.http11.Http11NioProtocol:173 02.005 [34mINFO [0;39m [34m[0;39m (o.a.c.core.StandardService    :173 02.005 [34mINFO [0;39m [34m[0;39m (o.a.c.core.StandardEngine     :173 02.014 [34mINFO [0;39m [34m[0;39m (o.a.c.c.C.[.[localhost].[/]   :173 02.014 [34mINFO [0;39m [34m[0;39m (o.s.b.w.s.c.ServletWebServerApplicationContext:290 02.247 [34mINFO [0;39m [34m[0;39m (o.s.b.d.a.OptionalLiveReloadServer:58  02.255 [34mINFO [0;39m [34m[0;39m (o.a.c.http11.Http11NioProtocol:173 02.258 [34mINFO [0;39m [34m[0;39m (o.s.b.w.e.t.TomcatWebServer   :220 02.266 [34mINFO [0;39m [34m[0;39m (c.y.w.WikiSpringApplication   :61  02.268 [34mINFO [0;39m [34m[0;39m (o.s.b.d.a.ConditionEvaluationDeltaLoggingListener:63  02.268 [34mINFO [0;39m [34m[0;39m (c.y.w.WikiSpringApplication   :19  02.269 [34mINFO [0;39m [34m[0;39m (c.y.w.WikiSpringApplication   :20  53.069 [34mINFO [0;39m [34m[0;39m (c.y.w.WikiSpringApplication   :55  53.070 [34mINFO [0;39m [34m[0;39m (c.y.w.WikiSpringApplication   :659 53.374 [34mINFO [0;39m [34m[0;39m (o.s.b.w.e.t.TomcatWebServer   :108 53.375 [34mINFO [0;39m [34m[0;39m (o.a.c.http11.Http11NioProtocol:173 53.375 [34mINFO [0;39m [34m[0;39m (o.a.c.core.StandardService    :173 53.376 [34mINFO [0;39m [34m[0;39m (o.a.c.core.StandardEngine     :173 53.389 [34mINFO [0;39m [34m[0;39m (o.a.c.c.C.[.[localhost].[/]   :173 53.390 [34mINFO [0;39m [34m[0;39m (o.s.b.w.s.c.ServletWebServerApplicationContext:290 53.656 [34mINFO [0;39m [34m[0;39m (o.s.b.d.a.OptionalLiveReloadServer:58  53.670 [34mINFO [0;39m [34m[0;39m (o.a.c.http11.Http11NioProtocol:173 53.673 [34mINFO [0;39m [34m[0;39m (o.s.b.w.e.t.TomcatWebServer   :220 53.677 [34mINFO [0;39m [34m[0;39m (c.y.w.WikiSpringApplication   :61  53.679 [34mINFO [0;39m [34m[0;39m (o.s.b.d.a.ConditionEvaluationDeltaLoggingListener:63  53.679 [34mINFO [0;39m [34m[0;39m (c.y.w.WikiSpringApplication   :19  53.680 [34mINFO [0;39m [34m[0;39m (c.y.w.WikiSpringApplication   :20  15.392 [34mINFO [0;39m [34m[0;39m (c.y.w.WikiSpringApplication   :55  15.392 [34mINFO [0;39m [34m[0;39m (c.y.w.WikiSpringApplication   :659 15.627 [34mINFO [0;39m [34m[0;39m (o.s.b.w.e.t.TomcatWebServer   :108 15.628 [34mINFO [0;39m [34m[0;39m (o.a.c.http11.Http11NioProtocol:173 15.628 [34mINFO [0;39m [34m[0;39m (o.a.c.core.StandardService    :173 15.628 [34mINFO [0;39m [34m[0;39m (o.a.c.core.StandardEngine     :173 15.635 [34mINFO [0;39m [34m[0;39m (o.a.c.c.C.[.[localhost].[/]   :173 15.635 [34mINFO [0;39m [34m[0;39m (o.s.b.w.s.c.ServletWebServerApplicationContext:290 15.786 [34mINFO [0;39m [34m[0;39m (o.s.b.d.a.OptionalLiveReloadServer:58  15.795 [34mINFO [0;39m [34m[0;39m (o.a.c.http11.Http11NioProtocol:173 15.797 [34mINFO [0;39m [34m[0;39m (o.s.b.w.e.t.TomcatWebServer   :220 15.802 [34mINFO [0;39m [34m[0;39m (c.y.w.WikiSpringApplication   :61  15.803 [34mINFO [0;39m [34m[0;39m (o.s.b.d.a.ConditionEvaluationDeltaLoggingListener:63  15.804 [34mINFO [0;39m [34m[0;39m (c.y.w.WikiSpringApplication   :19  15.804 [34mINFO [0;39m [34m[0;39m (c.y.w.WikiSpringApplication   :20  44.648 [34mINFO [0;39m [34m[0;39m (c.y.w.WikiSpringApplication   :55  44.649 [34mINFO [0;39m [34m[0;39m (c.y.w.WikiSpringApplication   :659 44.957 [34mINFO [0;39m [34m[0;39m (o.s.b.w.e.t.TomcatWebServer   :108 44.958 [34mINFO [0;39m [34m[0;39m (o.a.c.http11.Http11NioProtocol:173 44.958 [34mINFO [0;39m [34m[0;39m (o.a.c.core.StandardService    :173 44.959 [34mINFO [0;39m [34m[0;39m (o.a.c.core.StandardEngine     :173 44.967 [34mINFO [0;39m [34m[0;39m (o.a.c.c.C.[.[localhost].[/]   :173 44.967 [34mINFO [0;39m [34m[0;39m (o.s.b.w.s.c.ServletWebServerApplicationContext:290 45.134 [34mINFO [0;39m [34m[0;39m (o.s.b.d.a.OptionalLiveReloadServer:58  45.142 [34mINFO [0;39m [34m[0;39m (o.a.c.http11.Http11NioProtocol:173 45.144 [34mINFO [0;39m [34m[0;39m (o.s.b.w.e.t.TomcatWebServer   :220 45.148 [34mINFO [0;39m [34m[0;39m (c.y.w.WikiSpringApplication   :61  45.149 [34mINFO [0;39m [34m[0;39m (o.s.b.d.a.ConditionEvaluationDeltaLoggingListener:63  45.150 [34mINFO [0;39m [34m[0;39m (c.y.w.WikiSpringApplication   :19  45.150 [34mINFO [0;39m [34m[0;39m (c.y.w.WikiSpringApplication   :20  50.925 [34mINFO [0;39m [34m[0;39m (c.y.w.WikiSpringApplication   :55  50.925 [34mINFO [0;39m [34m[0;39m (c.y.w.WikiSpringApplication   :659 51.224 [34mINFO [0;39m [34m[0;39m (o.s.b.w.e.t.TomcatWebServer   :108 51.225 [34mINFO [0;39m [34m[0;39m (o.a.c.http11.Http11NioProtocol:173 51.226 [34mINFO [0;39m [34m[0;39m (o.a.c.core.StandardService    :173 51.226 [34mINFO [0;39m [34m[0;39m (o.a.c.core.StandardEngine     :173 51.234 [34mINFO [0;39m [34m[0;39m (o.a.c.c.C.[.[localhost].[/]   :173 51.235 [34mINFO [0;39m [34m[0;39m (o.s.b.w.s.c.ServletWebServerApplicationContext:290 51.406 [34mINFO [0;39m [34m[0;39m (o.s.b.d.a.OptionalLiveReloadServer:58  51.420 [34mINFO [0;39m [34m[0;39m (o.a.c.http11.Http11NioProtocol:173 51.422 [34mINFO [0;39m [34m[0;39m (o.s.b.w.e.t.TomcatWebServer   :220 51.429 [34mINFO [0;39m [34m[0;39m (c.y.w.WikiSpringApplication   :61  51.430 [34mINFO [0;39m [34m[0;39m (o.s.b.d.a.ConditionEvaluationDeltaLoggingListener:63  51.431 [34mINFO [0;39m [34m[0;39m (c.y.w.WikiSpringApplication   :19  51.431 [34mINFO [0;39m [34m[0;39m (c.y.w.WikiSpringApplication   :20  52.994 [34mINFO [0;39m [34m[0;39m (c.y.w.WikiSpringApplication   :55  52.995 [34mINFO [0;39m [34m[0;39m (c.y.w.WikiSpringApplication   :659 53.250 [34mINFO [0;39m [34m[0;39m (o.s.b.w.e.t.TomcatWebServer   :108 53.251 [34mINFO [0;39m [34m[0;39m (o.a.c.http11.Http11NioProtocol:173 53.251 [34mINFO [0;39m [34m[0;39m (o.a.c.core.StandardService    :173 53.252 [34mINFO [0;39m [34m[0;39m (o.a.c.core.StandardEngine     :173 53.259 [34mINFO [0;39m [34m[0;39m (o.a.c.c.C.[.[localhost].[/]   :173 53.259 [34mINFO [0;39m [34m[0;39m (o.s.b.w.s.c.ServletWebServerApplicationContext:290 53.478 [34mINFO [0;39m [34m[0;39m (o.s.b.d.a.OptionalLiveReloadServer:58  53.499 [34mINFO [0;39m [34m[0;39m (o.a.c.http11.Http11NioProtocol:173 53.502 [34mINFO [0;39m [34m[0;39m (o.s.b.w.e.t.TomcatWebServer   :220 53.525 [34mINFO [0;39m [34m[0;39m (c.y.w.WikiSpringApplication   :61  53.529 [34mINFO [0;39m [34m[0;39m (o.s.b.d.a.ConditionEvaluationDeltaLoggingListener:63  53.532 [34mINFO [0;39m [34m[0;39m (c.y.w.WikiSpringApplication   :19  53.532 [34mINFO [0;39m [34m[0;39m (c.y.w.WikiSpringApplication   :20  05.145 [34mINFO [0;39m [34m[0;39m (c.y.w.WikiSpringApplication   :55  05.146 [34mINFO [0;39m [34m[0;39m (c.y.w.WikiSpringApplication   :659 05.391 [34mINFO [0;39m [34m[0;39m (o.s.b.w.e.t.TomcatWebServer   :108 05.392 [34mINFO [0;39m [34m[0;39m (o.a.c.http11.Http11NioProtocol:173 05.392 [34mINFO [0;39m [34m[0;39m (o.a.c.core.StandardService    :173 05.392 [34mINFO [0;39m [34m[0;39m (o.a.c.core.StandardEngine     :173 05.402 [34mINFO [0;39m [34m[0;39m (o.a.c.c.C.[.[localhost].[/]   :173 05.403 [34mINFO [0;39m [34m[0;39m (o.s.b.w.s.c.ServletWebServerApplicationContext:290 05.634 [34mINFO [0;39m [34m[0;39m (o.s.b.d.a.OptionalLiveReloadServer:58  05.649 [34mINFO [0;39m [34m[0;39m (o.a.c.http11.Http11NioProtocol:173 05.651 [34mINFO [0;39m [34m[0;39m (o.s.b.w.e.t.TomcatWebServer   :220 05.657 [34mINFO [0;39m [34m[0;39m (c.y.w.WikiSpringApplication   :61  05.659 [34mINFO [0;39m [34m[0;39m (o.s.b.d.a.ConditionEvaluationDeltaLoggingListener:63  05.659 [34mINFO [0;39m [34m[0;39m (c.y.w.WikiSpringApplication   :19  05.660 [34mINFO [0;39m [34m[0;39m (c.y.w.WikiSpringApplication   :20  16.882 [34mINFO [0;39m [34m[0;39m (c.y.w.WikiSpringApplication   :55  16.882 [34mINFO [0;39m [34m[0;39m (c.y.w.WikiSpringApplication   :659 17.089 [34mINFO [0;39m [34m[0;39m (o.s.b.w.e.t.TomcatWebServer   :108 17.089 [34mINFO [0;39m [34m[0;39m (o.a.c.http11.Http11NioProtocol:173 17.090 [34mINFO [0;39m [34m[0;39m (o.a.c.core.StandardService    :173 17.090 [34mINFO [0;39m [34m[0;39m (o.a.c.core.StandardEngine     :173 17.097 [34mINFO [0;39m [34m[0;39m (o.a.c.c.C.[.[localhost].[/]   :173 17.097 [34mINFO [0;39m [34m[0;39m (o.s.b.w.s.c.ServletWebServerApplicationContext:290 17.260 [34mINFO [0;39m [34m[0;39m (o.s.b.d.a.OptionalLiveReloadServer:58  17.274 [34mINFO [0;39m [34m[0;39m (o.a.c.http11.Http11NioProtocol:173 17.275 [34mINFO [0;39m [34m[0;39m (o.s.b.w.e.t.TomcatWebServer   :220 17.280 [34mINFO [0;39m [34m[0;39m (c.y.w.WikiSpringApplication   :61  17.282 [34mINFO [0;39m [34m[0;39m (o.s.b.d.a.ConditionEvaluationDeltaLoggingListener:63  17.282 [34mINFO [0;39m [34m[0;39m (c.y.w.WikiSpringApplication   :19  17.283 [34mINFO [0;39m [34m[0;39m (c.y.w.WikiSpringApplication   :20  18.853 [34mINFO [0;39m [34m[0;39m (c.y.w.WikiSpringApplication   :55  18.854 [34mINFO [0;39m [34m[0;39m (c.y.w.WikiSpringApplication   :659 19.165 [34mINFO [0;39m [34m[0;39m (o.s.b.w.e.t.TomcatWebServer   :108 19.166 [34mINFO [0;39m [34m[0;39m (o.a.c.http11.Http11NioProtocol:173 19.167 [34mINFO [0;39m [34m[0;39m (o.a.c.core.StandardService    :173 19.167 [34mINFO [0;39m [34m[0;39m (o.a.c.core.StandardEngine     :173 19.184 [34mINFO [0;39m [34m[0;39m (o.a.c.c.C.[.[localhost].[/]   :173 19.185 [34mINFO [0;39m [34m[0;39m (o.s.b.w.s.c.ServletWebServerApplicationContext:290 19.458 [34mINFO [0;39m [34m[0;39m (o.s.b.d.a.OptionalLiveReloadServer:58  19.472 [34mINFO [0;39m [34m[0;39m (o.a.c.http11.Http11NioProtocol:173 19.474 [34mINFO [0;39m [34m[0;39m (o.s.b.w.e.t.TomcatWebServer   :220 19.480 [34mINFO [0;39m [34m[0;39m (c.y.w.WikiSpringApplication   :61  19.481 [34mINFO [0;39m [34m[0;39m (o.s.b.d.a.ConditionEvaluationDeltaLoggingListener:63  19.482 [34mINFO [0;39m [34m[0;39m (c.y.w.WikiSpringApplication   :19  19.482 [34mINFO [0;39m [34m[0;39m (c.y.w.WikiSpringApplication   :20  40.632 [34mINFO [0;39m [34m[0;39m (c.y.w.WikiSpringApplication   :55  40.632 [34mINFO [0;39m [34m[0;39m (c.y.w.WikiSpringApplication   :659 40.818 [34mINFO [0;39m [34m[0;39m (o.s.b.w.e.t.TomcatWebServer   :108 40.818 [34mINFO [0;39m [34m[0;39m (o.a.c.http11.Http11NioProtocol:173 40.819 [34mINFO [0;39m [34m[0;39m (o.a.c.core.StandardService    :173 40.819 [34mINFO [0;39m [34m[0;39m (o.a.c.core.StandardEngine     :173 40.826 [34mINFO [0;39m [34m[0;39m (o.a.c.c.C.[.[localhost].[/]   :173 40.827 [34mINFO [0;39m [34m[0;39m (o.s.b.w.s.c.ServletWebServerApplicationContext:290 40.980 [34mINFO [0;39m [34m[0;39m (o.s.b.d.a.OptionalLiveReloadServer:58  40.987 [34mINFO [0;39m [34m[0;39m (o.a.c.http11.Http11NioProtocol:173 40.990 [34mINFO [0;39m [34m[0;39m (o.s.b.w.e.t.TomcatWebServer   :220 40.999 [34mINFO [0;39m [34m[0;39m (c.y.w.WikiSpringApplication   :61  41.001 [34mINFO [0;39m [34m[0;39m (o.s.b.d.a.ConditionEvaluationDeltaLoggingListener:63  41.001 [34mINFO [0;39m [34m[0;39m (c.y.w.WikiSpringApplication   :19  41.002 [34mINFO [0;39m [34m[0;39m (c.y.w.WikiSpringApplication   :20  32.216 [34mINFO [0;39m [34m[0;39m (c.y.w.WikiSpringApplication   :55  32.216 [34mINFO [0;39m [34m[0;39m (c.y.w.WikiSpringApplication   :659 32.479 [34mINFO [0;39m [34m[0;39m (o.s.b.w.e.t.TomcatWebServer   :108 32.480 [34mINFO [0;39m [34m[0;39m (o.a.c.http11.Http11NioProtocol:173 32.481 [34mINFO [0;39m [34m[0;39m (o.a.c.core.StandardService    :173 32.481 [34mINFO [0;39m [34m[0;39m (o.a.c.core.StandardEngine     :173 32.490 [34mINFO [0;39m [34m[0;39m (o.a.c.c.C.[.[localhost].[/]   :173 32.490 [34mINFO [0;39m [34m[0;39m (o.s.b.w.s.c.ServletWebServerApplicationContext:290 32.604 [31mWARN [0;39m [34m[0;39m (o.s.b.w.s.c.AnnotationConfigServletWebServerApplicationContext:591 32.611 [34mINFO [0;39m [34m[0;39m (o.a.c.core.StandardService    :173 32.628 [34mINFO [0;39m [34m[0;39m (o.s.b.a.l.ConditionEvaluationReportLoggingListener:136 32.671 [1;31mERROR[0;39m [34m[0;39m (o.s.boot.SpringApplication    :843 org.springframework.beans.factory.BeanCreationException: Error creating bean with name 'ebookController' defined in file [/Users/daisy/project/Wiki_spring/target/classes/com/yujia/wiki_spring/controller/EbookController.class]: Post-processing of merged bean definition failed; nested exception is java.lang.IllegalStateException: Failed to introspect Class [com.yujia.wiki_spring.controller.EbookController] from ClassLoader [org.springframework.boot.devtools.restart.classloader.RestartClassLoader@63ad540]
	at org.springframework.beans.factory.support.AbstractAutowireCapableBeanFactory.doCreateBean(AbstractAutowireCapableBeanFactory.java:579)
	at org.springframework.beans.factory.support.AbstractAutowireCapableBeanFactory.createBean(AbstractAutowireCapableBeanFactory.java:524)
	at org.springframework.beans.factory.support.AbstractBeanFactory.lambda$doGetBean$0(AbstractBeanFactory.java:335)
	at org.springframework.beans.factory.support.DefaultSingletonBeanRegistry.getSingleton(DefaultSingletonBeanRegistry.java:234)
	at org.springframework.beans.factory.support.AbstractBeanFactory.doGetBean(AbstractBeanFactory.java:333)
	at org.springframework.beans.factory.support.AbstractBeanFactory.getBean(AbstractBeanFactory.java:208)
	at org.springframework.beans.factory.support.DefaultListableBeanFactory.preInstantiateSingletons(DefaultListableBeanFactory.java:944)
	at org.springframework.context.support.AbstractApplicationContext.finishBeanFactoryInitialization(AbstractApplicationContext.java:918)
	at org.springframework.context.support.AbstractApplicationContext.refresh(AbstractApplicationContext.java:583)
	at org.springframework.boot.web.servlet.context.ServletWebServerApplicationContext.refresh(ServletWebServerApplicationContext.java:145)
	at org.springframework.boot.SpringApplication.refresh(SpringApplication.java:754)
	at org.springframework.boot.SpringApplication.refreshContext(SpringApplication.java:434)
	at org.springframework.boot.SpringApplication.run(SpringApplication.java:338)
	at com.yujia.wiki_spring.WikiSpringApplication.main(WikiSpringApplication.java:18)
	at sun.reflect.NativeMethodAccessorImpl.invoke0(Native Method)
	at sun.reflect.NativeMethodAccessorImpl.invoke(NativeMethodAccessorImpl.java:62)
	at sun.reflect.DelegatingMethodAccessorImpl.invoke(DelegatingMethodAccessorImpl.java:43)
	at java.lang.reflect.Method.invoke(Method.java:498)
	at org.springframework.boot.devtools.restart.RestartLauncher.run(RestartLauncher.java:49)
Caused by: java.lang.IllegalStateException: Failed to introspect Class [com.yujia.wiki_spring.controller.EbookController] from ClassLoader [org.springframework.boot.devtools.restart.classloader.RestartClassLoader@63ad540]
	at org.springframework.util.ReflectionUtils.getDeclaredFields(ReflectionUtils.java:739)
	at org.springframework.util.ReflectionUtils.doWithLocalFields(ReflectionUtils.java:671)
	at org.springframework.context.annotation.CommonAnnotationBeanPostProcessor.buildResourceMetadata(CommonAnnotationBeanPostProcessor.java:366)
	at org.springframework.context.annotation.CommonAnnotationBeanPostProcessor.findResourceMetadata(CommonAnnotationBeanPostProcessor.java:347)
	at org.springframework.context.annotation.CommonAnnotationBeanPostProcessor.postProcessMergedBeanDefinition(CommonAnnotationBeanPostProcessor.java:295)
	at org.springframework.beans.factory.support.AbstractAutowireCapableBeanFactory.applyMergedBeanDefinitionPostProcessors(AbstractAutowireCapableBeanFactory.java:1098)
	at org.springframework.beans.factory.support.AbstractAutowireCapableBeanFactory.doCreateBean(AbstractAutowireCapableBeanFactory.java:576)
	... 18 common frames omitted
Caused by: java.lang.NoClassDefFoundError: Lcom/yujia/wiki_spring/service/EbookService;
	at java.lang.Class.getDeclaredFields0(Native Method)
	at java.lang.Class.privateGetDeclaredFields(Class.java:2583)
	at java.lang.Class.getDeclaredFields(Class.java:1916)
	at org.springframework.util.ReflectionUtils.getDeclaredFields(ReflectionUtils.java:734)
	... 24 common frames omitted
Caused by: java.lang.ClassNotFoundException: com.yujia.wiki_spring.service.EbookService
	at java.net.URLClassLoader.findClass(URLClassLoader.java:382)
	at java.lang.ClassLoader.loadClass(ClassLoader.java:418)
	at sun.misc.Launcher$AppClassLoader.loadClass(Launcher.java:355)
	at java.lang.ClassLoader.loadClass(ClassLoader.java:351)
	at java.lang.Class.forName0(Native Method)
	at java.lang.Class.forName(Class.java:348)
	at org.springframework.boot.devtools.restart.classloader.RestartClassLoader.loadClass(RestartClassLoader.java:145)
	at java.lang.ClassLoader.loadClass(ClassLoader.java:351)
	... 28 common frames omitted
18.505 [34mINFO [0;39m [34m[0;39m (c.y.w.WikiSpringApplication   :55  18.506 [34mINFO [0;39m [34m[0;39m (c.y.w.WikiSpringApplication   :659 18.665 [34mINFO [0;39m [34m[0;39m (o.s.b.w.e.t.TomcatWebServer   :108 18.665 [34mINFO [0;39m [34m[0;39m (o.a.c.http11.Http11NioProtocol:173 18.665 [34mINFO [0;39m [34m[0;39m (o.a.c.core.StandardService    :173 18.666 [34mINFO [0;39m [34m[0;39m (o.a.c.core.StandardEngine     :173 18.671 [34mINFO [0;39m [34m[0;39m (o.a.c.c.C.[.[localhost].[/]   :173 18.671 [34mINFO [0;39m [34m[0;39m (o.s.b.w.s.c.ServletWebServerApplicationContext:290 18.790 [34mINFO [0;39m [34m[0;39m (o.s.b.d.a.OptionalLiveReloadServer:58  18.798 [34mINFO [0;39m [34m[0;39m (o.a.c.http11.Http11NioProtocol:173 18.799 [34mINFO [0;39m [34m[0;39m (o.s.b.w.e.t.TomcatWebServer   :220 18.803 [34mINFO [0;39m [34m[0;39m (c.y.w.WikiSpringApplication   :61  18.805 [34mINFO [0;39m [34m[0;39m (o.s.b.d.a.ConditionEvaluationDeltaLoggingListener:63  18.805 [34mINFO [0;39m [34m[0;39m (c.y.w.WikiSpringApplication   :19  18.806 [34mINFO [0;39m [34m[0;39m (c.y.w.WikiSpringApplication   :20  37.653 [34mINFO [0;39m [34m[0;39m (c.y.w.WikiSpringApplication   :55  37.653 [34mINFO [0;39m [34m[0;39m (c.y.w.WikiSpringApplication   :659 37.893 [34mINFO [0;39m [34m[0;39m (o.s.b.w.e.t.TomcatWebServer   :108 37.893 [34mINFO [0;39m [34m[0;39m (o.a.c.http11.Http11NioProtocol:173 37.893 [34mINFO [0;39m [34m[0;39m (o.a.c.core.StandardService    :173 37.894 [34mINFO [0;39m [34m[0;39m (o.a.c.core.StandardEngine     :173 37.901 [34mINFO [0;39m [34m[0;39m (o.a.c.c.C.[.[localhost].[/]   :173 37.902 [34mINFO [0;39m [34m[0;39m (o.s.b.w.s.c.ServletWebServerApplicationContext:290 38.040 [34mINFO [0;39m [34m[0;39m (o.s.b.d.a.OptionalLiveReloadServer:58  38.048 [34mINFO [0;39m [34m[0;39m (o.a.c.http11.Http11NioProtocol:173 38.050 [34mINFO [0;39m [34m[0;39m (o.s.b.w.e.t.TomcatWebServer   :220 38.055 [34mINFO [0;39m [34m[0;39m (c.y.w.WikiSpringApplication   :61  38.057 [34mINFO [0;39m [34m[0;39m (o.s.b.d.a.ConditionEvaluationDeltaLoggingListener:63  38.057 [34mINFO [0;39m [34m[0;39m (c.y.w.WikiSpringApplication   :19  38.058 [34mINFO [0;39m [34m[0;39m (c.y.w.WikiSpringApplication   :20  39.570 [34mINFO [0;39m [34m[0;39m (c.y.w.WikiSpringApplication   :55  39.570 [34mINFO [0;39m [34m[0;39m (c.y.w.WikiSpringApplication   :659 39.742 [34mINFO [0;39m [34m[0;39m (o.s.b.w.e.t.TomcatWebServer   :108 39.742 [34mINFO [0;39m [34m[0;39m (o.a.c.http11.Http11NioProtocol:173 39.743 [34mINFO [0;39m [34m[0;39m (o.a.c.core.StandardService    :173 39.743 [34mINFO [0;39m [34m[0;39m (o.a.c.core.StandardEngine     :173 39.752 [34mINFO [0;39m [34m[0;39m (o.a.c.c.C.[.[localhost].[/]   :173 39.752 [34mINFO [0;39m [34m[0;39m (o.s.b.w.s.c.ServletWebServerApplicationContext:290 39.866 [34mINFO [0;39m [34m[0;39m (o.s.b.d.a.OptionalLiveReloadServer:58  39.873 [34mINFO [0;39m [34m[0;39m (o.a.c.http11.Http11NioProtocol:173 39.875 [34mINFO [0;39m [34m[0;39m (o.s.b.w.e.t.TomcatWebServer   :220 39.879 [34mINFO [0;39m [34m[0;39m (c.y.w.WikiSpringApplication   :61  39.880 [34mINFO [0;39m [34m[0;39m (o.s.b.d.a.ConditionEvaluationDeltaLoggingListener:63  39.881 [34mINFO [0;39m [34m[0;39m (c.y.w.WikiSpringApplication   :19  39.881 [34mINFO [0;39m [34m[0;39m (c.y.w.WikiSpringApplication   :20  08.853 [34mINFO [0;39m [34m[0;39m (c.y.w.WikiSpringApplication   :55  08.853 [34mINFO [0;39m [34m[0;39m (c.y.w.WikiSpringApplication   :659 09.641 [34mINFO [0;39m [34m[0;39m (o.s.b.w.e.t.TomcatWebServer   :108 09.642 [34mINFO [0;39m [34m[0;39m (o.a.c.http11.Http11NioProtocol:173 09.642 [34mINFO [0;39m [34m[0;39m (o.a.c.core.StandardService    :173 09.642 [34mINFO [0;39m [34m[0;39m (o.a.c.core.StandardEngine     :173 09.679 [34mINFO [0;39m [34m[0;39m (o.a.c.c.C.[.[localhost].[/]   :173 09.679 [34mINFO [0;39m [34m[0;39m (o.s.b.w.s.c.ServletWebServerApplicationContext:290 09.853 [31mWARN [0;39m [34m[0;39m (o.s.b.w.s.c.AnnotationConfigServletWebServerApplicationContext:591 09.854 [34mINFO [0;39m [34m[0;39m (o.a.c.core.StandardService    :173 09.865 [34mINFO [0;39m [34m[0;39m (o.s.b.a.l.ConditionEvaluationReportLoggingListener:136 09.868 [1;31mERROR[0;39m [34m[0;39m (o.s.boot.SpringApplication    :843 org.springframework.beans.factory.BeanCreationException: Error creating bean with name 'ebookController' defined in file [/Users/daisy/project/Wiki_spring/target/classes/com/yujia/wiki_spring/controller/EbookController.class]: Post-processing of merged bean definition failed; nested exception is java.lang.IllegalStateException: Failed to introspect Class [com.yujia.wiki_spring.controller.EbookController] from ClassLoader [org.springframework.boot.devtools.restart.classloader.RestartClassLoader@713a90f2]
	at org.springframework.beans.factory.support.AbstractAutowireCapableBeanFactory.doCreateBean(AbstractAutowireCapableBeanFactory.java:579)
	at org.springframework.beans.factory.support.AbstractAutowireCapableBeanFactory.createBean(AbstractAutowireCapableBeanFactory.java:524)
	at org.springframework.beans.factory.support.AbstractBeanFactory.lambda$doGetBean$0(AbstractBeanFactory.java:335)
	at org.springframework.beans.factory.support.DefaultSingletonBeanRegistry.getSingleton(DefaultSingletonBeanRegistry.java:234)
	at org.springframework.beans.factory.support.AbstractBeanFactory.doGetBean(AbstractBeanFactory.java:333)
	at org.springframework.beans.factory.support.AbstractBeanFactory.getBean(AbstractBeanFactory.java:208)
	at org.springframework.beans.factory.support.DefaultListableBeanFactory.preInstantiateSingletons(DefaultListableBeanFactory.java:944)
	at org.springframework.context.support.AbstractApplicationContext.finishBeanFactoryInitialization(AbstractApplicationContext.java:918)
	at org.springframework.context.support.AbstractApplicationContext.refresh(AbstractApplicationContext.java:583)
	at org.springframework.boot.web.servlet.context.ServletWebServerApplicationContext.refresh(ServletWebServerApplicationContext.java:145)
	at org.springframework.boot.SpringApplication.refresh(SpringApplication.java:754)
	at org.springframework.boot.SpringApplication.refreshContext(SpringApplication.java:434)
	at org.springframework.boot.SpringApplication.run(SpringApplication.java:338)
	at com.yujia.wiki_spring.WikiSpringApplication.main(WikiSpringApplication.java:18)
	at sun.reflect.NativeMethodAccessorImpl.invoke0(Native Method)
	at sun.reflect.NativeMethodAccessorImpl.invoke(NativeMethodAccessorImpl.java:62)
	at sun.reflect.DelegatingMethodAccessorImpl.invoke(DelegatingMethodAccessorImpl.java:43)
	at java.lang.reflect.Method.invoke(Method.java:498)
	at org.springframework.boot.devtools.restart.RestartLauncher.run(RestartLauncher.java:49)
Caused by: java.lang.IllegalStateException: Failed to introspect Class [com.yujia.wiki_spring.controller.EbookController] from ClassLoader [org.springframework.boot.devtools.restart.classloader.RestartClassLoader@713a90f2]
	at org.springframework.util.ReflectionUtils.getDeclaredFields(ReflectionUtils.java:739)
	at org.springframework.util.ReflectionUtils.doWithLocalFields(ReflectionUtils.java:671)
	at org.springframework.context.annotation.CommonAnnotationBeanPostProcessor.buildResourceMetadata(CommonAnnotationBeanPostProcessor.java:366)
	at org.springframework.context.annotation.CommonAnnotationBeanPostProcessor.findResourceMetadata(CommonAnnotationBeanPostProcessor.java:347)
	at org.springframework.context.annotation.CommonAnnotationBeanPostProcessor.postProcessMergedBeanDefinition(CommonAnnotationBeanPostProcessor.java:295)
	at org.springframework.beans.factory.support.AbstractAutowireCapableBeanFactory.applyMergedBeanDefinitionPostProcessors(AbstractAutowireCapableBeanFactory.java:1098)
	at org.springframework.beans.factory.support.AbstractAutowireCapableBeanFactory.doCreateBean(AbstractAutowireCapableBeanFactory.java:576)
	... 18 common frames omitted
Caused by: java.lang.NoClassDefFoundError: Lcom/yujia/wiki_spring/service/EbookService;
	at java.lang.Class.getDeclaredFields0(Native Method)
	at java.lang.Class.privateGetDeclaredFields(Class.java:2583)
	at java.lang.Class.getDeclaredFields(Class.java:1916)
	at org.springframework.util.ReflectionUtils.getDeclaredFields(ReflectionUtils.java:734)
	... 24 common frames omitted
Caused by: java.lang.ClassNotFoundException: com.yujia.wiki_spring.service.EbookService
	at java.net.URLClassLoader.findClass(URLClassLoader.java:382)
	at java.lang.ClassLoader.loadClass(ClassLoader.java:418)
	at sun.misc.Launcher$AppClassLoader.loadClass(Launcher.java:355)
	at java.lang.ClassLoader.loadClass(ClassLoader.java:351)
	at java.lang.Class.forName0(Native Method)
	at java.lang.Class.forName(Class.java:348)
	at org.springframework.boot.devtools.restart.classloader.RestartClassLoader.loadClass(RestartClassLoader.java:145)
	at java.lang.ClassLoader.loadClass(ClassLoader.java:351)
	... 28 common frames omitted
50.685 [34mINFO [0;39m [34m[0;39m (c.y.w.WikiSpringApplication   :55  50.685 [34mINFO [0;39m [34m[0;39m (c.y.w.WikiSpringApplication   :659 50.970 [34mINFO [0;39m [34m[0;39m (o.s.b.w.e.t.TomcatWebServer   :108 50.971 [34mINFO [0;39m [34m[0;39m (o.a.c.http11.Http11NioProtocol:173 50.972 [34mINFO [0;39m [34m[0;39m (o.a.c.core.StandardService    :173 50.972 [34mINFO [0;39m [34m[0;39m (o.a.c.core.StandardEngine     :173 50.982 [34mINFO [0;39m [34m[0;39m (o.a.c.c.C.[.[localhost].[/]   :173 50.982 [34mINFO [0;39m [34m[0;39m (o.s.b.w.s.c.ServletWebServerApplicationContext:290 51.160 [34mINFO [0;39m [34m[0;39m (o.s.b.d.a.OptionalLiveReloadServer:58  51.172 [34mINFO [0;39m [34m[0;39m (o.a.c.http11.Http11NioProtocol:173 51.174 [34mINFO [0;39m [34m[0;39m (o.s.b.w.e.t.TomcatWebServer   :220 51.179 [34mINFO [0;39m [34m[0;39m (c.y.w.WikiSpringApplication   :61  51.181 [34mINFO [0;39m [34m[0;39m (o.s.b.d.a.ConditionEvaluationDeltaLoggingListener:63  51.181 [34mINFO [0;39m [34m[0;39m (c.y.w.WikiSpringApplication   :19  51.181 [34mINFO [0;39m [34m[0;39m (c.y.w.WikiSpringApplication   :20  04.954 [34mINFO [0;39m [34m[0;39m (c.y.w.WikiSpringApplication   :55  04.955 [34mINFO [0;39m [34m[0;39m (c.y.w.WikiSpringApplication   :659 05.333 [34mINFO [0;39m [34m[0;39m (o.s.b.w.e.t.TomcatWebServer   :108 05.335 [34mINFO [0;39m [34m[0;39m (o.a.c.http11.Http11NioProtocol:173 05.335 [34mINFO [0;39m [34m[0;39m (o.a.c.core.StandardService    :173 05.335 [34mINFO [0;39m [34m[0;39m (o.a.c.core.StandardEngine     :173 05.343 [34mINFO [0;39m [34m[0;39m (o.a.c.c.C.[.[localhost].[/]   :173 05.343 [34mINFO [0;39m [34m[0;39m (o.s.b.w.s.c.ServletWebServerApplicationContext:290 05.577 [34mINFO [0;39m [34m[0;39m (o.s.b.d.a.OptionalLiveReloadServer:58  05.591 [34mINFO [0;39m [34m[0;39m (o.a.c.http11.Http11NioProtocol:173 05.595 [34mINFO [0;39m [34m[0;39m (o.s.b.w.e.t.TomcatWebServer   :220 05.603 [34mINFO [0;39m [34m[0;39m (c.y.w.WikiSpringApplication   :61  05.605 [34mINFO [0;39m [34m[0;39m (o.s.b.d.a.ConditionEvaluationDeltaLoggingListener:63  05.606 [34mINFO [0;39m [34m[0;39m (c.y.w.WikiSpringApplication   :19  05.606 [34mINFO [0;39m [34m[0;39m (c.y.w.WikiSpringApplication   :20  39.448 [34mINFO [0;39m [34m[0;39m (c.y.w.WikiSpringApplication   :55  39.449 [34mINFO [0;39m [34m[0;39m (c.y.w.WikiSpringApplication   :659 39.673 [34mINFO [0;39m [34m[0;39m (o.s.b.w.e.t.TomcatWebServer   :108 39.675 [34mINFO [0;39m [34m[0;39m (o.a.c.http11.Http11NioProtocol:173 39.676 [34mINFO [0;39m [34m[0;39m (o.a.c.core.StandardService    :173 39.676 [34mINFO [0;39m [34m[0;39m (o.a.c.core.StandardEngine     :173 39.706 [34mINFO [0;39m [34m[0;39m (o.a.c.c.C.[.[localhost].[/]   :173 39.706 [34mINFO [0;39m [34m[0;39m (o.s.b.w.s.c.ServletWebServerApplicationContext:290 39.772 [31mWARN [0;39m [34m[0;39m (o.s.b.w.s.c.AnnotationConfigServletWebServerApplicationContext:591 39.773 [34mINFO [0;39m [34m[0;39m (o.a.c.core.StandardService    :173 39.779 [34mINFO [0;39m [34m[0;39m (o.s.b.a.l.ConditionEvaluationReportLoggingListener:136 39.781 [1;31mERROR[0;39m [34m[0;39m (o.s.boot.SpringApplication    :843 org.springframework.beans.factory.BeanCreationException: Error creating bean with name 'ebookController' defined in file [/Users/daisy/project/Wiki_spring/target/classes/com/yujia/wiki_spring/controller/EbookController.class]: Post-processing of merged bean definition failed; nested exception is java.lang.IllegalStateException: Failed to introspect Class [com.yujia.wiki_spring.controller.EbookController] from ClassLoader [org.springframework.boot.devtools.restart.classloader.RestartClassLoader@23ac9a31]
	at org.springframework.beans.factory.support.AbstractAutowireCapableBeanFactory.doCreateBean(AbstractAutowireCapableBeanFactory.java:579)
	at org.springframework.beans.factory.support.AbstractAutowireCapableBeanFactory.createBean(AbstractAutowireCapableBeanFactory.java:524)
	at org.springframework.beans.factory.support.AbstractBeanFactory.lambda$doGetBean$0(AbstractBeanFactory.java:335)
	at org.springframework.beans.factory.support.DefaultSingletonBeanRegistry.getSingleton(DefaultSingletonBeanRegistry.java:234)
	at org.springframework.beans.factory.support.AbstractBeanFactory.doGetBean(AbstractBeanFactory.java:333)
	at org.springframework.beans.factory.support.AbstractBeanFactory.getBean(AbstractBeanFactory.java:208)
	at org.springframework.beans.factory.support.DefaultListableBeanFactory.preInstantiateSingletons(DefaultListableBeanFactory.java:944)
	at org.springframework.context.support.AbstractApplicationContext.finishBeanFactoryInitialization(AbstractApplicationContext.java:918)
	at org.springframework.context.support.AbstractApplicationContext.refresh(AbstractApplicationContext.java:583)
	at org.springframework.boot.web.servlet.context.ServletWebServerApplicationContext.refresh(ServletWebServerApplicationContext.java:145)
	at org.springframework.boot.SpringApplication.refresh(SpringApplication.java:754)
	at org.springframework.boot.SpringApplication.refreshContext(SpringApplication.java:434)
	at org.springframework.boot.SpringApplication.run(SpringApplication.java:338)
	at com.yujia.wiki_spring.WikiSpringApplication.main(WikiSpringApplication.java:18)
	at sun.reflect.NativeMethodAccessorImpl.invoke0(Native Method)
	at sun.reflect.NativeMethodAccessorImpl.invoke(NativeMethodAccessorImpl.java:62)
	at sun.reflect.DelegatingMethodAccessorImpl.invoke(DelegatingMethodAccessorImpl.java:43)
	at java.lang.reflect.Method.invoke(Method.java:498)
	at org.springframework.boot.devtools.restart.RestartLauncher.run(RestartLauncher.java:49)
Caused by: java.lang.IllegalStateException: Failed to introspect Class [com.yujia.wiki_spring.controller.EbookController] from ClassLoader [org.springframework.boot.devtools.restart.classloader.RestartClassLoader@23ac9a31]
	at org.springframework.util.ReflectionUtils.getDeclaredFields(ReflectionUtils.java:739)
	at org.springframework.util.ReflectionUtils.doWithLocalFields(ReflectionUtils.java:671)
	at org.springframework.context.annotation.CommonAnnotationBeanPostProcessor.buildResourceMetadata(CommonAnnotationBeanPostProcessor.java:366)
	at org.springframework.context.annotation.CommonAnnotationBeanPostProcessor.findResourceMetadata(CommonAnnotationBeanPostProcessor.java:347)
	at org.springframework.context.annotation.CommonAnnotationBeanPostProcessor.postProcessMergedBeanDefinition(CommonAnnotationBeanPostProcessor.java:295)
	at org.springframework.beans.factory.support.AbstractAutowireCapableBeanFactory.applyMergedBeanDefinitionPostProcessors(AbstractAutowireCapableBeanFactory.java:1098)
	at org.springframework.beans.factory.support.AbstractAutowireCapableBeanFactory.doCreateBean(AbstractAutowireCapableBeanFactory.java:576)
	... 18 common frames omitted
Caused by: java.lang.NoClassDefFoundError: Lcom/yujia/wiki_spring/service/EbookService;
	at java.lang.Class.getDeclaredFields0(Native Method)
	at java.lang.Class.privateGetDeclaredFields(Class.java:2583)
	at java.lang.Class.getDeclaredFields(Class.java:1916)
	at org.springframework.util.ReflectionUtils.getDeclaredFields(ReflectionUtils.java:734)
	... 24 common frames omitted
Caused by: java.lang.ClassNotFoundException: com.yujia.wiki_spring.service.EbookService
	at java.net.URLClassLoader.findClass(URLClassLoader.java:382)
	at java.lang.ClassLoader.loadClass(ClassLoader.java:418)
	at sun.misc.Launcher$AppClassLoader.loadClass(Launcher.java:355)
	at java.lang.ClassLoader.loadClass(ClassLoader.java:351)
	at java.lang.Class.forName0(Native Method)
	at java.lang.Class.forName(Class.java:348)
	at org.springframework.boot.devtools.restart.classloader.RestartClassLoader.loadClass(RestartClassLoader.java:145)
	at java.lang.ClassLoader.loadClass(ClassLoader.java:351)
	... 28 common frames omitted
13.746 [34mINFO [0;39m [34m[0;39m (c.y.w.WikiSpringApplication   :55  13.746 [34mINFO [0;39m [34m[0;39m (c.y.w.WikiSpringApplication   :659 14.055 [34mINFO [0;39m [34m[0;39m (o.s.b.w.e.t.TomcatWebServer   :108 14.056 [34mINFO [0;39m [34m[0;39m (o.a.c.http11.Http11NioProtocol:173 14.056 [34mINFO [0;39m [34m[0;39m (o.a.c.core.StandardService    :173 14.056 [34mINFO [0;39m [34m[0;39m (o.a.c.core.StandardEngine     :173 14.062 [34mINFO [0;39m [34m[0;39m (o.a.c.c.C.[.[localhost].[/]   :173 14.063 [34mINFO [0;39m [34m[0;39m (o.s.b.w.s.c.ServletWebServerApplicationContext:290 14.221 [34mINFO [0;39m [34m[0;39m (o.s.b.d.a.OptionalLiveReloadServer:58  14.230 [34mINFO [0;39m [34m[0;39m (o.a.c.http11.Http11NioProtocol:173 14.231 [34mINFO [0;39m [34m[0;39m (o.s.b.w.e.t.TomcatWebServer   :220 14.236 [34mINFO [0;39m [34m[0;39m (c.y.w.WikiSpringApplication   :61  14.237 [34mINFO [0;39m [34m[0;39m (o.s.b.d.a.ConditionEvaluationDeltaLoggingListener:63  14.238 [34mINFO [0;39m [34m[0;39m (c.y.w.WikiSpringApplication   :19  14.238 [34mINFO [0;39m [34m[0;39m (c.y.w.WikiSpringApplication   :20  39.509 [34mINFO [0;39m [34m[0;39m (o.a.c.c.C.[.[localhost].[/]   :173 39.510 [34mINFO [0;39m [34m[0;39m (o.s.w.s.DispatcherServlet     :525 39.511 [34mINFO [0;39m [34m[0;39m (o.s.w.s.DispatcherServlet     :547 39.542 [34mINFO [0;39m [34m[0;39m (c.z.hikari.HikariDataSource   :110 39.561 [34mINFO [0;39m [34m[0;39m (c.z.hikari.HikariDataSource   :123 02.815 [34mINFO [0;39m [34m[0;39m (c.z.hikari.HikariDataSource   :350 02.820 [34mINFO [0;39m [34m[0;39m (c.z.hikari.HikariDataSource   :352 03.210 [34mINFO [0;39m [34m[0;39m (c.y.w.WikiSpringApplication   :55  03.210 [34mINFO [0;39m [34m[0;39m (c.y.w.WikiSpringApplication   :659 03.420 [34mINFO [0;39m [34m[0;39m (o.s.b.w.e.t.TomcatWebServer   :108 03.421 [34mINFO [0;39m [34m[0;39m (o.a.c.http11.Http11NioProtocol:173 03.422 [34mINFO [0;39m [34m[0;39m (o.a.c.core.StandardService    :173 03.422 [34mINFO [0;39m [34m[0;39m (o.a.c.core.StandardEngine     :173 03.429 [34mINFO [0;39m [34m[0;39m (o.a.c.c.C.[.[localhost].[/]   :173 03.429 [34mINFO [0;39m [34m[0;39m (o.s.b.w.s.c.ServletWebServerApplicationContext:290 03.558 [34mINFO [0;39m [34m[0;39m (o.s.b.d.a.OptionalLiveReloadServer:58  03.565 [34mINFO [0;39m [34m[0;39m (o.a.c.http11.Http11NioProtocol:173 03.566 [34mINFO [0;39m [34m[0;39m (o.s.b.w.e.t.TomcatWebServer   :220 03.570 [34mINFO [0;39m [34m[0;39m (c.y.w.WikiSpringApplication   :61  03.571 [34mINFO [0;39m [34m[0;39m (o.s.b.d.a.ConditionEvaluationDeltaLoggingListener:63  03.571 [34mINFO [0;39m [34m[0;39m (c.y.w.WikiSpringApplication   :19  03.571 [34mINFO [0;39m [34m[0;39m (c.y.w.WikiSpringApplication   :20  24.735 [34mINFO [0;39m [34m[0;39m (c.y.w.WikiSpringApplication   :55  24.735 [34mINFO [0;39m [34m[0;39m (c.y.w.WikiSpringApplication   :659 24.929 [34mINFO [0;39m [34m[0;39m (o.s.b.w.e.t.TomcatWebServer   :108 24.929 [34mINFO [0;39m [34m[0;39m (o.a.c.http11.Http11NioProtocol:173 24.930 [34mINFO [0;39m [34m[0;39m (o.a.c.core.StandardService    :173 24.930 [34mINFO [0;39m [34m[0;39m (o.a.c.core.StandardEngine     :173 24.938 [34mINFO [0;39m [34m[0;39m (o.a.c.c.C.[.[localhost].[/]   :173 24.939 [34mINFO [0;39m [34m[0;39m (o.s.b.w.s.c.ServletWebServerApplicationContext:290 25.101 [34mINFO [0;39m [34m[0;39m (o.s.b.d.a.OptionalLiveReloadServer:58  25.112 [34mINFO [0;39m [34m[0;39m (o.a.c.http11.Http11NioProtocol:173 25.114 [34mINFO [0;39m [34m[0;39m (o.s.b.w.e.t.TomcatWebServer   :220 25.120 [34mINFO [0;39m [34m[0;39m (c.y.w.WikiSpringApplication   :61  25.121 [34mINFO [0;39m [34m[0;39m (o.s.b.d.a.ConditionEvaluationDeltaLoggingListener:63  25.122 [34mINFO [0;39m [34m[0;39m (c.y.w.WikiSpringApplication   :19  25.122 [34mINFO [0;39m [34m[0;39m (c.y.w.WikiSpringApplication   :20  53.952 [34mINFO [0;39m [34m[0;39m (c.y.w.WikiSpringApplication   :55  53.953 [34mINFO [0;39m [34m[0;39m (c.y.w.WikiSpringApplication   :659 54.197 [34mINFO [0;39m [34m[0;39m (o.s.b.w.e.t.TomcatWebServer   :108 54.198 [34mINFO [0;39m [34m[0;39m (o.a.c.http11.Http11NioProtocol:173 54.198 [34mINFO [0;39m [34m[0;39m (o.a.c.core.StandardService    :173 54.199 [34mINFO [0;39m [34m[0;39m (o.a.c.core.StandardEngine     :173 54.207 [34mINFO [0;39m [34m[0;39m (o.a.c.c.C.[.[localhost].[/]   :173 54.207 [34mINFO [0;39m [34m[0;39m (o.s.b.w.s.c.ServletWebServerApplicationContext:290 54.407 [34mINFO [0;39m [34m[0;39m (o.s.b.d.a.OptionalLiveReloadServer:58  54.417 [34mINFO [0;39m [34m[0;39m (o.a.c.http11.Http11NioProtocol:173 54.419 [34mINFO [0;39m [34m[0;39m (o.s.b.w.e.t.TomcatWebServer   :220 54.425 [34mINFO [0;39m [34m[0;39m (c.y.w.WikiSpringApplication   :61  54.427 [34mINFO [0;39m [34m[0;39m (o.s.b.d.a.ConditionEvaluationDeltaLoggingListener:63  54.428 [34mINFO [0;39m [34m[0;39m (c.y.w.WikiSpringApplication   :19  54.429 [34mINFO [0;39m [34m[0;39m (c.y.w.WikiSpringApplication   :20  22.073 [34mINFO [0;39m [34m[0;39m (c.y.w.WikiSpringApplication   :55  22.074 [34mINFO [0;39m [34m[0;39m (c.y.w.WikiSpringApplication   :659 22.296 [34mINFO [0;39m [34m[0;39m (o.s.b.w.e.t.TomcatWebServer   :108 22.298 [34mINFO [0;39m [34m[0;39m (o.a.c.http11.Http11NioProtocol:173 22.298 [34mINFO [0;39m [34m[0;39m (o.a.c.core.StandardService    :173 22.298 [34mINFO [0;39m [34m[0;39m (o.a.c.core.StandardEngine     :173 22.306 [34mINFO [0;39m [34m[0;39m (o.a.c.c.C.[.[localhost].[/]   :173 22.307 [34mINFO [0;39m [34m[0;39m (o.s.b.w.s.c.ServletWebServerApplicationContext:290 22.515 [34mINFO [0;39m [34m[0;39m (o.s.b.d.a.OptionalLiveReloadServer:58  22.532 [34mINFO [0;39m [34m[0;39m (o.a.c.http11.Http11NioProtocol:173 22.535 [34mINFO [0;39m [34m[0;39m (o.s.b.w.e.t.TomcatWebServer   :220 22.543 [34mINFO [0;39m [34m[0;39m (c.y.w.WikiSpringApplication   :61  22.545 [34mINFO [0;39m [34m[0;39m (o.s.b.d.a.ConditionEvaluationDeltaLoggingListener:63  22.545 [34mINFO [0;39m [34m[0;39m (c.y.w.WikiSpringApplication   :19  22.546 [34mINFO [0;39m [34m[0;39m (c.y.w.WikiSpringApplication   :20  55.866 [34mINFO [0;39m [34m[0;39m (c.y.w.WikiSpringApplication   :55  55.867 [34mINFO [0;39m [34m[0;39m (c.y.w.WikiSpringApplication   :659 56.063 [34mINFO [0;39m [34m[0;39m (o.s.b.w.e.t.TomcatWebServer   :108 56.064 [34mINFO [0;39m [34m[0;39m (o.a.c.http11.Http11NioProtocol:173 56.064 [34mINFO [0;39m [34m[0;39m (o.a.c.core.StandardService    :173 56.064 [34mINFO [0;39m [34m[0;39m (o.a.c.core.StandardEngine     :173 56.075 [34mINFO [0;39m [34m[0;39m (o.a.c.c.C.[.[localhost].[/]   :173 56.075 [34mINFO [0;39m [34m[0;39m (o.s.b.w.s.c.ServletWebServerApplicationContext:290 56.207 [34mINFO [0;39m [34m[0;39m (o.s.b.d.a.OptionalLiveReloadServer:58  56.216 [34mINFO [0;39m [34m[0;39m (o.a.c.http11.Http11NioProtocol:173 56.218 [34mINFO [0;39m [34m[0;39m (o.s.b.w.e.t.TomcatWebServer   :220 56.222 [34mINFO [0;39m [34m[0;39m (c.y.w.WikiSpringApplication   :61  56.223 [34mINFO [0;39m [34m[0;39m (o.s.b.d.a.ConditionEvaluationDeltaLoggingListener:63  56.224 [34mINFO [0;39m [34m[0;39m (c.y.w.WikiSpringApplication   :19  56.224 [34mINFO [0;39m [34m[0;39m (c.y.w.WikiSpringApplication   :20  07.502 [34mINFO [0;39m [34m[0;39m (c.y.w.WikiSpringApplication   :55  07.502 [34mINFO [0;39m [34m[0;39m (c.y.w.WikiSpringApplication   :659 07.685 [34mINFO [0;39m [34m[0;39m (o.s.b.w.e.t.TomcatWebServer   :108 07.686 [34mINFO [0;39m [34m[0;39m (o.a.c.http11.Http11NioProtocol:173 07.686 [34mINFO [0;39m [34m[0;39m (o.a.c.core.StandardService    :173 07.686 [34mINFO [0;39m [34m[0;39m (o.a.c.core.StandardEngine     :173 07.693 [34mINFO [0;39m [34m[0;39m (o.a.c.c.C.[.[localhost].[/]   :173 07.694 [34mINFO [0;39m [34m[0;39m (o.s.b.w.s.c.ServletWebServerApplicationContext:290 07.865 [34mINFO [0;39m [34m[0;39m (o.s.b.d.a.OptionalLiveReloadServer:58  07.877 [34mINFO [0;39m [34m[0;39m (o.a.c.http11.Http11NioProtocol:173 07.878 [34mINFO [0;39m [34m[0;39m (o.s.b.w.e.t.TomcatWebServer   :220 07.885 [34mINFO [0;39m [34m[0;39m (c.y.w.WikiSpringApplication   :61  07.887 [34mINFO [0;39m [34m[0;39m (o.s.b.d.a.ConditionEvaluationDeltaLoggingListener:63  07.888 [34mINFO [0;39m [34m[0;39m (c.y.w.WikiSpringApplication   :19  07.888 [34mINFO [0;39m [34m[0;39m (c.y.w.WikiSpringApplication   :20  19.209 [34mINFO [0;39m [34m[0;39m (o.a.c.c.C.[.[localhost].[/]   :173 19.211 [34mINFO [0;39m [34m[0;39m (o.s.w.s.DispatcherServlet     :525 19.212 [34mINFO [0;39m [34m[0;39m (o.s.w.s.DispatcherServlet     :547 19.250 [34mINFO [0;39m [34m[0;39m (c.z.hikari.HikariDataSource   :110 19.273 [34mINFO [0;39m [34m[0;39m (c.z.hikari.HikariDataSource   :123 31.392 [34mINFO [0;39m [34m[0;39m (c.z.hikari.HikariDataSource   :350 31.398 [34mINFO [0;39m [34m[0;39m (c.z.hikari.HikariDataSource   :352 36.249 [34mINFO [0;39m [34m[0;39m (c.y.w.WikiSpringApplication   :55  36.253 [34mINFO [0;39m [34m[0;39m (c.y.w.WikiSpringApplication   :659 36.457 [34mINFO [0;39m [34m[0;39m (o.s.b.d.e.DevToolsPropertyDefaultsPostProcessor:255 36.457 [34mINFO [0;39m [34m[0;39m (o.s.b.d.e.DevToolsPropertyDefaultsPostProcessor:255 38.259 [34mINFO [0;39m [34m[0;39m (o.s.b.w.e.t.TomcatWebServer   :108 38.272 [34mINFO [0;39m [34m[0;39m (o.a.c.http11.Http11NioProtocol:173 38.273 [34mINFO [0;39m [34m[0;39m (o.a.c.core.StandardService    :173 38.274 [34mINFO [0;39m [34m[0;39m (o.a.c.core.StandardEngine     :173 38.419 [34mINFO [0;39m [34m[0;39m (o.a.c.c.C.[.[localhost].[/]   :173 38.420 [34mINFO [0;39m [34m[0;39m (o.s.b.w.s.c.ServletWebServerApplicationContext:290 39.354 [34mINFO [0;39m [34m[0;39m (o.s.b.d.a.OptionalLiveReloadServer:58  39.370 [34mINFO [0;39m [34m[0;39m (o.a.c.http11.Http11NioProtocol:173 39.393 [34mINFO [0;39m [34m[0;39m (o.s.b.w.e.t.TomcatWebServer   :220 39.404 [34mINFO [0;39m [34m[0;39m (c.y.w.WikiSpringApplication   :61  39.407 [34mINFO [0;39m [34m[0;39m (c.y.w.WikiSpringApplication   :19  39.407 [34mINFO [0;39m [34m[0;39m (c.y.w.WikiSpringApplication   :20  00.793 [34mINFO [0;39m [34m[0;39m (o.a.c.c.C.[.[localhost].[/]   :173 00.793 [34mINFO [0;39m [34m[0;39m (o.s.w.s.DispatcherServlet     :525 00.794 [34mINFO [0;39m [34m[0;39m (o.s.w.s.DispatcherServlet     :547 00.877 [34mINFO [0;39m [34m[0;39m (c.z.hikari.HikariDataSource   :110 01.483 [34mINFO [0;39m [34m[0;39m (c.z.hikari.HikariDataSource   :123 30.375 [34mINFO [0;39m [34m[0;39m (c.z.hikari.HikariDataSource   :350 30.388 [34mINFO [0;39m [34m[0;39m (c.z.hikari.HikariDataSource   :352 30.855 [34mINFO [0;39m [34m[0;39m (c.y.w.WikiSpringApplication   :55  30.856 [34mINFO [0;39m [34m[0;39m (c.y.w.WikiSpringApplication   :659 31.651 [34mINFO [0;39m [34m[0;39m (o.s.b.w.e.t.TomcatWebServer   :108 31.652 [34mINFO [0;39m [34m[0;39m (o.a.c.http11.Http11NioProtocol:173 31.652 [34mINFO [0;39m [34m[0;39m (o.a.c.core.StandardService    :173 31.652 [34mINFO [0;39m [34m[0;39m (o.a.c.core.StandardEngine     :173 31.684 [34mINFO [0;39m [34m[0;39m (o.a.c.c.C.[.[localhost].[/]   :173 31.685 [34mINFO [0;39m [34m[0;39m (o.s.b.w.s.c.ServletWebServerApplicationContext:290 32.047 [34mINFO [0;39m [34m[0;39m (o.s.b.d.a.OptionalLiveReloadServer:58  32.057 [34mINFO [0;39m [34m[0;39m (o.a.c.http11.Http11NioProtocol:173 32.060 [34mINFO [0;39m [34m[0;39m (o.s.b.w.e.t.TomcatWebServer   :220 32.065 [34mINFO [0;39m [34m[0;39m (c.y.w.WikiSpringApplication   :61  32.067 [34mINFO [0;39m [34m[0;39m (o.s.b.d.a.ConditionEvaluationDeltaLoggingListener:63  32.067 [34mINFO [0;39m [34m[0;39m (c.y.w.WikiSpringApplication   :19  32.068 [34mINFO [0;39m [34m[0;39m (c.y.w.WikiSpringApplication   :20  53.836 [34mINFO [0;39m [34m[0;39m (c.y.w.WikiSpringApplication   :55  53.836 [34mINFO [0;39m [34m[0;39m (c.y.w.WikiSpringApplication   :659 54.117 [34mINFO [0;39m [34m[0;39m (o.s.b.w.e.t.TomcatWebServer   :108 54.118 [34mINFO [0;39m [34m[0;39m (o.a.c.http11.Http11NioProtocol:173 54.118 [34mINFO [0;39m [34m[0;39m (o.a.c.core.StandardService    :173 54.119 [34mINFO [0;39m [34m[0;39m (o.a.c.core.StandardEngine     :173 54.126 [34mINFO [0;39m [34m[0;39m (o.a.c.c.C.[.[localhost].[/]   :173 54.126 [34mINFO [0;39m [34m[0;39m (o.s.b.w.s.c.ServletWebServerApplicationContext:290 54.314 [34mINFO [0;39m [34m[0;39m (o.s.b.d.a.OptionalLiveReloadServer:58  54.324 [34mINFO [0;39m [34m[0;39m (o.a.c.http11.Http11NioProtocol:173 54.326 [34mINFO [0;39m [34m[0;39m (o.s.b.w.e.t.TomcatWebServer   :220 54.330 [34mINFO [0;39m [34m[0;39m (c.y.w.WikiSpringApplication   :61  54.333 [34mINFO [0;39m [34m[0;39m (o.s.b.d.a.ConditionEvaluationDeltaLoggingListener:63  54.334 [34mINFO [0;39m [34m[0;39m (c.y.w.WikiSpringApplication   :19  54.335 [34mINFO [0;39m [34m[0;39m (c.y.w.WikiSpringApplication   :20  55.893 [34mINFO [0;39m [34m[0;39m (c.y.w.WikiSpringApplication   :55  55.893 [34mINFO [0;39m [34m[0;39m (c.y.w.WikiSpringApplication   :659 56.073 [34mINFO [0;39m [34m[0;39m (o.s.b.w.e.t.TomcatWebServer   :108 56.074 [34mINFO [0;39m [34m[0;39m (o.a.c.http11.Http11NioProtocol:173 56.074 [34mINFO [0;39m [34m[0;39m (o.a.c.core.StandardService    :173 56.075 [34mINFO [0;39m [34m[0;39m (o.a.c.core.StandardEngine     :173 56.083 [34mINFO [0;39m [34m[0;39m (o.a.c.c.C.[.[localhost].[/]   :173 56.083 [34mINFO [0;39m [34m[0;39m (o.s.b.w.s.c.ServletWebServerApplicationContext:290 56.225 [34mINFO [0;39m [34m[0;39m (o.s.b.d.a.OptionalLiveReloadServer:58  56.233 [34mINFO [0;39m [34m[0;39m (o.a.c.http11.Http11NioProtocol:173 56.235 [34mINFO [0;39m [34m[0;39m (o.s.b.w.e.t.TomcatWebServer   :220 56.239 [34mINFO [0;39m [34m[0;39m (c.y.w.WikiSpringApplication   :61  56.241 [34mINFO [0;39m [34m[0;39m (o.s.b.d.a.ConditionEvaluationDeltaLoggingListener:63  56.242 [34mINFO [0;39m [34m[0;39m (c.y.w.WikiSpringApplication   :19  56.243 [34mINFO [0;39m [34m[0;39m (c.y.w.WikiSpringApplication   :20  20.968 [34mINFO [0;39m [34m[0;39m (c.y.w.WikiSpringApplication   :55  20.968 [34mINFO [0;39m [34m[0;39m (c.y.w.WikiSpringApplication   :659 21.265 [34mINFO [0;39m [34m[0;39m (o.s.b.w.e.t.TomcatWebServer   :108 21.266 [34mINFO [0;39m [34m[0;39m (o.a.c.http11.Http11NioProtocol:173 21.267 [34mINFO [0;39m [34m[0;39m (o.a.c.core.StandardService    :173 21.268 [34mINFO [0;39m [34m[0;39m (o.a.c.core.StandardEngine     :173 21.281 [34mINFO [0;39m [34m[0;39m (o.a.c.c.C.[.[localhost].[/]   :173 21.282 [34mINFO [0;39m [34m[0;39m (o.s.b.w.s.c.ServletWebServerApplicationContext:290 21.373 [31mWARN [0;39m [34m[0;39m (o.s.b.w.s.c.AnnotationConfigServletWebServerApplicationContext:591 21.373 [34mINFO [0;39m [34m[0;39m (o.a.c.core.StandardService    :173 21.380 [34mINFO [0;39m [34m[0;39m (o.s.b.a.l.ConditionEvaluationReportLoggingListener:136 21.405 [1;31mERROR[0;39m [34m[0;39m (o.s.boot.SpringApplication    :843 org.springframework.beans.factory.BeanCreationException: Error creating bean with name 'ebookController' defined in file [/Users/daisy/project/Wiki_spring/target/classes/com/yujia/wiki_spring/controller/EbookController.class]: Post-processing of merged bean definition failed; nested exception is java.lang.IllegalStateException: Failed to introspect Class [com.yujia.wiki_spring.controller.EbookController] from ClassLoader [org.springframework.boot.devtools.restart.classloader.RestartClassLoader@1cad557c]
	at org.springframework.beans.factory.support.AbstractAutowireCapableBeanFactory.doCreateBean(AbstractAutowireCapableBeanFactory.java:579)
	at org.springframework.beans.factory.support.AbstractAutowireCapableBeanFactory.createBean(AbstractAutowireCapableBeanFactory.java:524)
	at org.springframework.beans.factory.support.AbstractBeanFactory.lambda$doGetBean$0(AbstractBeanFactory.java:335)
	at org.springframework.beans.factory.support.DefaultSingletonBeanRegistry.getSingleton(DefaultSingletonBeanRegistry.java:234)
	at org.springframework.beans.factory.support.AbstractBeanFactory.doGetBean(AbstractBeanFactory.java:333)
	at org.springframework.beans.factory.support.AbstractBeanFactory.getBean(AbstractBeanFactory.java:208)
	at org.springframework.beans.factory.support.DefaultListableBeanFactory.preInstantiateSingletons(DefaultListableBeanFactory.java:944)
	at org.springframework.context.support.AbstractApplicationContext.finishBeanFactoryInitialization(AbstractApplicationContext.java:918)
	at org.springframework.context.support.AbstractApplicationContext.refresh(AbstractApplicationContext.java:583)
	at org.springframework.boot.web.servlet.context.ServletWebServerApplicationContext.refresh(ServletWebServerApplicationContext.java:145)
	at org.springframework.boot.SpringApplication.refresh(SpringApplication.java:754)
	at org.springframework.boot.SpringApplication.refreshContext(SpringApplication.java:434)
	at org.springframework.boot.SpringApplication.run(SpringApplication.java:338)
	at com.yujia.wiki_spring.WikiSpringApplication.main(WikiSpringApplication.java:18)
	at sun.reflect.NativeMethodAccessorImpl.invoke0(Native Method)
	at sun.reflect.NativeMethodAccessorImpl.invoke(NativeMethodAccessorImpl.java:62)
	at sun.reflect.DelegatingMethodAccessorImpl.invoke(DelegatingMethodAccessorImpl.java:43)
	at java.lang.reflect.Method.invoke(Method.java:498)
	at org.springframework.boot.devtools.restart.RestartLauncher.run(RestartLauncher.java:49)
Caused by: java.lang.IllegalStateException: Failed to introspect Class [com.yujia.wiki_spring.controller.EbookController] from ClassLoader [org.springframework.boot.devtools.restart.classloader.RestartClassLoader@1cad557c]
	at org.springframework.util.ReflectionUtils.getDeclaredFields(ReflectionUtils.java:739)
	at org.springframework.util.ReflectionUtils.doWithLocalFields(ReflectionUtils.java:671)
	at org.springframework.context.annotation.CommonAnnotationBeanPostProcessor.buildResourceMetadata(CommonAnnotationBeanPostProcessor.java:366)
	at org.springframework.context.annotation.CommonAnnotationBeanPostProcessor.findResourceMetadata(CommonAnnotationBeanPostProcessor.java:347)
	at org.springframework.context.annotation.CommonAnnotationBeanPostProcessor.postProcessMergedBeanDefinition(CommonAnnotationBeanPostProcessor.java:295)
	at org.springframework.beans.factory.support.AbstractAutowireCapableBeanFactory.applyMergedBeanDefinitionPostProcessors(AbstractAutowireCapableBeanFactory.java:1098)
	at org.springframework.beans.factory.support.AbstractAutowireCapableBeanFactory.doCreateBean(AbstractAutowireCapableBeanFactory.java:576)
	... 18 common frames omitted
Caused by: java.lang.NoClassDefFoundError: Lcom/yujia/wiki_spring/service/EbookService;
	at java.lang.Class.getDeclaredFields0(Native Method)
	at java.lang.Class.privateGetDeclaredFields(Class.java:2583)
	at java.lang.Class.getDeclaredFields(Class.java:1916)
	at org.springframework.util.ReflectionUtils.getDeclaredFields(ReflectionUtils.java:734)
	... 24 common frames omitted
Caused by: java.lang.ClassNotFoundException: com.yujia.wiki_spring.service.EbookService
	at java.net.URLClassLoader.findClass(URLClassLoader.java:382)
	at java.lang.ClassLoader.loadClass(ClassLoader.java:418)
	at sun.misc.Launcher$AppClassLoader.loadClass(Launcher.java:355)
	at java.lang.ClassLoader.loadClass(ClassLoader.java:351)
	at java.lang.Class.forName0(Native Method)
	at java.lang.Class.forName(Class.java:348)
	at org.springframework.boot.devtools.restart.classloader.RestartClassLoader.loadClass(RestartClassLoader.java:145)
	at java.lang.ClassLoader.loadClass(ClassLoader.java:351)
	... 28 common frames omitted
35.549 [34mINFO [0;39m [34m[0;39m (c.y.w.WikiSpringApplication   :55  35.549 [34mINFO [0;39m [34m[0;39m (c.y.w.WikiSpringApplication   :659 35.920 [34mINFO [0;39m [34m[0;39m (o.s.b.w.e.t.TomcatWebServer   :108 35.921 [34mINFO [0;39m [34m[0;39m (o.a.c.http11.Http11NioProtocol:173 35.923 [34mINFO [0;39m [34m[0;39m (o.a.c.core.StandardService    :173 35.924 [34mINFO [0;39m [34m[0;39m (o.a.c.core.StandardEngine     :173 35.933 [34mINFO [0;39m [34m[0;39m (o.a.c.c.C.[.[localhost].[/]   :173 35.933 [34mINFO [0;39m [34m[0;39m (o.s.b.w.s.c.ServletWebServerApplicationContext:290 36.158 [34mINFO [0;39m [34m[0;39m (o.s.b.d.a.OptionalLiveReloadServer:58  36.171 [34mINFO [0;39m [34m[0;39m (o.a.c.http11.Http11NioProtocol:173 36.173 [34mINFO [0;39m [34m[0;39m (o.s.b.w.e.t.TomcatWebServer   :220 36.179 [34mINFO [0;39m [34m[0;39m (c.y.w.WikiSpringApplication   :61  36.181 [34mINFO [0;39m [34m[0;39m (o.s.b.d.a.ConditionEvaluationDeltaLoggingListener:63  36.182 [34mINFO [0;39m [34m[0;39m (c.y.w.WikiSpringApplication   :19  36.182 [34mINFO [0;39m [34m[0;39m (c.y.w.WikiSpringApplication   :20  49.906 [34mINFO [0;39m [34m[0;39m (c.y.w.WikiSpringApplication   :55  49.907 [34mINFO [0;39m [34m[0;39m (c.y.w.WikiSpringApplication   :659 50.105 [34mINFO [0;39m [34m[0;39m (o.s.b.w.e.t.TomcatWebServer   :108 50.106 [34mINFO [0;39m [34m[0;39m (o.a.c.http11.Http11NioProtocol:173 50.106 [34mINFO [0;39m [34m[0;39m (o.a.c.core.StandardService    :173 50.106 [34mINFO [0;39m [34m[0;39m (o.a.c.core.StandardEngine     :173 50.115 [34mINFO [0;39m [34m[0;39m (o.a.c.c.C.[.[localhost].[/]   :173 50.115 [34mINFO [0;39m [34m[0;39m (o.s.b.w.s.c.ServletWebServerApplicationContext:290 50.290 [34mINFO [0;39m [34m[0;39m (o.s.b.d.a.OptionalLiveReloadServer:58  50.303 [34mINFO [0;39m [34m[0;39m (o.a.c.http11.Http11NioProtocol:173 50.306 [34mINFO [0;39m [34m[0;39m (o.s.b.w.e.t.TomcatWebServer   :220 50.310 [34mINFO [0;39m [34m[0;39m (c.y.w.WikiSpringApplication   :61  50.312 [34mINFO [0;39m [34m[0;39m (o.s.b.d.a.ConditionEvaluationDeltaLoggingListener:63  50.312 [34mINFO [0;39m [34m[0;39m (c.y.w.WikiSpringApplication   :19  50.313 [34mINFO [0;39m [34m[0;39m (c.y.w.WikiSpringApplication   :20  08.034 [34mINFO [0;39m [34m[0;39m (c.y.w.WikiSpringApplication   :55  08.034 [34mINFO [0;39m [34m[0;39m (c.y.w.WikiSpringApplication   :659 08.293 [34mINFO [0;39m [34m[0;39m (o.s.b.w.e.t.TomcatWebServer   :108 08.294 [34mINFO [0;39m [34m[0;39m (o.a.c.http11.Http11NioProtocol:173 08.294 [34mINFO [0;39m [34m[0;39m (o.a.c.core.StandardService    :173 08.294 [34mINFO [0;39m [34m[0;39m (o.a.c.core.StandardEngine     :173 08.300 [34mINFO [0;39m [34m[0;39m (o.a.c.c.C.[.[localhost].[/]   :173 08.301 [34mINFO [0;39m [34m[0;39m (o.s.b.w.s.c.ServletWebServerApplicationContext:290 08.447 [34mINFO [0;39m [34m[0;39m (o.s.b.d.a.OptionalLiveReloadServer:58  08.456 [34mINFO [0;39m [34m[0;39m (o.a.c.http11.Http11NioProtocol:173 08.458 [34mINFO [0;39m [34m[0;39m (o.s.b.w.e.t.TomcatWebServer   :220 08.462 [34mINFO [0;39m [34m[0;39m (c.y.w.WikiSpringApplication   :61  08.464 [34mINFO [0;39m [34m[0;39m (o.s.b.d.a.ConditionEvaluationDeltaLoggingListener:63  08.464 [34mINFO [0;39m [34m[0;39m (c.y.w.WikiSpringApplication   :19  08.465 [34mINFO [0;39m [34m[0;39m (c.y.w.WikiSpringApplication   :20  14.405 [34mINFO [0;39m [34m[0;39m (c.y.w.WikiSpringApplication   :55  14.405 [34mINFO [0;39m [34m[0;39m (c.y.w.WikiSpringApplication   :659 14.673 [34mINFO [0;39m [34m[0;39m (o.s.b.w.e.t.TomcatWebServer   :108 14.674 [34mINFO [0;39m [34m[0;39m (o.a.c.http11.Http11NioProtocol:173 14.675 [34mINFO [0;39m [34m[0;39m (o.a.c.core.StandardService    :173 14.675 [34mINFO [0;39m [34m[0;39m (o.a.c.core.StandardEngine     :173 14.683 [34mINFO [0;39m [34m[0;39m (o.a.c.c.C.[.[localhost].[/]   :173 14.683 [34mINFO [0;39m [34m[0;39m (o.s.b.w.s.c.ServletWebServerApplicationContext:290 14.754 [31mWARN [0;39m [34m[0;39m (o.s.b.w.s.c.AnnotationConfigServletWebServerApplicationContext:591 14.755 [34mINFO [0;39m [34m[0;39m (o.a.c.core.StandardService    :173 14.762 [34mINFO [0;39m [34m[0;39m (o.s.b.a.l.ConditionEvaluationReportLoggingListener:136 14.765 [1;31mERROR[0;39m [34m[0;39m (o.s.boot.SpringApplication    :843 org.springframework.beans.factory.BeanCreationException: Error creating bean with name 'ebookController' defined in file [/Users/daisy/project/Wiki_spring/target/classes/com/yujia/wiki_spring/controller/EbookController.class]: Post-processing of merged bean definition failed; nested exception is java.lang.IllegalStateException: Failed to introspect Class [com.yujia.wiki_spring.controller.EbookController] from ClassLoader [org.springframework.boot.devtools.restart.classloader.RestartClassLoader@7b606bbc]
	at org.springframework.beans.factory.support.AbstractAutowireCapableBeanFactory.doCreateBean(AbstractAutowireCapableBeanFactory.java:579)
	at org.springframework.beans.factory.support.AbstractAutowireCapableBeanFactory.createBean(AbstractAutowireCapableBeanFactory.java:524)
	at org.springframework.beans.factory.support.AbstractBeanFactory.lambda$doGetBean$0(AbstractBeanFactory.java:335)
	at org.springframework.beans.factory.support.DefaultSingletonBeanRegistry.getSingleton(DefaultSingletonBeanRegistry.java:234)
	at org.springframework.beans.factory.support.AbstractBeanFactory.doGetBean(AbstractBeanFactory.java:333)
	at org.springframework.beans.factory.support.AbstractBeanFactory.getBean(AbstractBeanFactory.java:208)
	at org.springframework.beans.factory.support.DefaultListableBeanFactory.preInstantiateSingletons(DefaultListableBeanFactory.java:944)
	at org.springframework.context.support.AbstractApplicationContext.finishBeanFactoryInitialization(AbstractApplicationContext.java:918)
	at org.springframework.context.support.AbstractApplicationContext.refresh(AbstractApplicationContext.java:583)
	at org.springframework.boot.web.servlet.context.ServletWebServerApplicationContext.refresh(ServletWebServerApplicationContext.java:145)
	at org.springframework.boot.SpringApplication.refresh(SpringApplication.java:754)
	at org.springframework.boot.SpringApplication.refreshContext(SpringApplication.java:434)
	at org.springframework.boot.SpringApplication.run(SpringApplication.java:338)
	at com.yujia.wiki_spring.WikiSpringApplication.main(WikiSpringApplication.java:18)
	at sun.reflect.NativeMethodAccessorImpl.invoke0(Native Method)
	at sun.reflect.NativeMethodAccessorImpl.invoke(NativeMethodAccessorImpl.java:62)
	at sun.reflect.DelegatingMethodAccessorImpl.invoke(DelegatingMethodAccessorImpl.java:43)
	at java.lang.reflect.Method.invoke(Method.java:498)
	at org.springframework.boot.devtools.restart.RestartLauncher.run(RestartLauncher.java:49)
Caused by: java.lang.IllegalStateException: Failed to introspect Class [com.yujia.wiki_spring.controller.EbookController] from ClassLoader [org.springframework.boot.devtools.restart.classloader.RestartClassLoader@7b606bbc]
	at org.springframework.util.ReflectionUtils.getDeclaredFields(ReflectionUtils.java:739)
	at org.springframework.util.ReflectionUtils.doWithLocalFields(ReflectionUtils.java:671)
	at org.springframework.context.annotation.CommonAnnotationBeanPostProcessor.buildResourceMetadata(CommonAnnotationBeanPostProcessor.java:366)
	at org.springframework.context.annotation.CommonAnnotationBeanPostProcessor.findResourceMetadata(CommonAnnotationBeanPostProcessor.java:347)
	at org.springframework.context.annotation.CommonAnnotationBeanPostProcessor.postProcessMergedBeanDefinition(CommonAnnotationBeanPostProcessor.java:295)
	at org.springframework.beans.factory.support.AbstractAutowireCapableBeanFactory.applyMergedBeanDefinitionPostProcessors(AbstractAutowireCapableBeanFactory.java:1098)
	at org.springframework.beans.factory.support.AbstractAutowireCapableBeanFactory.doCreateBean(AbstractAutowireCapableBeanFactory.java:576)
	... 18 common frames omitted
Caused by: java.lang.NoClassDefFoundError: Lcom/yujia/wiki_spring/service/EbookService;
	at java.lang.Class.getDeclaredFields0(Native Method)
	at java.lang.Class.privateGetDeclaredFields(Class.java:2583)
	at java.lang.Class.getDeclaredFields(Class.java:1916)
	at org.springframework.util.ReflectionUtils.getDeclaredFields(ReflectionUtils.java:734)
	... 24 common frames omitted
Caused by: java.lang.ClassNotFoundException: com.yujia.wiki_spring.service.EbookService
	at java.net.URLClassLoader.findClass(URLClassLoader.java:382)
	at java.lang.ClassLoader.loadClass(ClassLoader.java:418)
	at sun.misc.Launcher$AppClassLoader.loadClass(Launcher.java:355)
	at java.lang.ClassLoader.loadClass(ClassLoader.java:351)
	at java.lang.Class.forName0(Native Method)
	at java.lang.Class.forName(Class.java:348)
	at org.springframework.boot.devtools.restart.classloader.RestartClassLoader.loadClass(RestartClassLoader.java:145)
	at java.lang.ClassLoader.loadClass(ClassLoader.java:351)
	... 28 common frames omitted
18.242 [34mINFO [0;39m [34m[0;39m (c.y.w.WikiSpringApplication   :55  18.243 [34mINFO [0;39m [34m[0;39m (c.y.w.WikiSpringApplication   :659 18.688 [34mINFO [0;39m [34m[0;39m (o.s.b.w.e.t.TomcatWebServer   :108 18.689 [34mINFO [0;39m [34m[0;39m (o.a.c.http11.Http11NioProtocol:173 18.689 [34mINFO [0;39m [34m[0;39m (o.a.c.core.StandardService    :173 18.689 [34mINFO [0;39m [34m[0;39m (o.a.c.core.StandardEngine     :173 18.698 [34mINFO [0;39m [34m[0;39m (o.a.c.c.C.[.[localhost].[/]   :173 18.699 [34mINFO [0;39m [34m[0;39m (o.s.b.w.s.c.ServletWebServerApplicationContext:290 18.902 [34mINFO [0;39m [34m[0;39m (o.s.b.d.a.OptionalLiveReloadServer:58  18.910 [34mINFO [0;39m [34m[0;39m (o.a.c.http11.Http11NioProtocol:173 18.913 [34mINFO [0;39m [34m[0;39m (o.s.b.w.e.t.TomcatWebServer   :220 18.917 [34mINFO [0;39m [34m[0;39m (c.y.w.WikiSpringApplication   :61  18.919 [34mINFO [0;39m [34m[0;39m (o.s.b.d.a.ConditionEvaluationDeltaLoggingListener:63  18.919 [34mINFO [0;39m [34m[0;39m (c.y.w.WikiSpringApplication   :19  18.919 [34mINFO [0;39m [34m[0;39m (c.y.w.WikiSpringApplication   :20  20.328 [34mINFO [0;39m [34m[0;39m (o.a.c.c.C.[.[localhost].[/]   :173 20.329 [34mINFO [0;39m [34m[0;39m (o.s.w.s.DispatcherServlet     :525 20.330 [34mINFO [0;39m [34m[0;39m (o.s.w.s.DispatcherServlet     :547 20.342 [34mINFO [0;39m [34m[0;39m (c.z.hikari.HikariDataSource   :110 20.361 [34mINFO [0;39m [34m[0;39m (c.z.hikari.HikariDataSource   :123 55.077 [34mINFO [0;39m [34m[0;39m (c.z.hikari.HikariDataSource   :350 55.085 [34mINFO [0;39m [34m[0;39m (c.z.hikari.HikariDataSource   :352 00.031 [34mINFO [0;39m [34m[0;39m (c.y.w.WikiSpringApplication   :55  00.035 [34mINFO [0;39m [34m[0;39m (c.y.w.WikiSpringApplication   :659 00.196 [34mINFO [0;39m [34m[0;39m (o.s.b.d.e.DevToolsPropertyDefaultsPostProcessor:255 00.197 [34mINFO [0;39m [34m[0;39m (o.s.b.d.e.DevToolsPropertyDefaultsPostProcessor:255 01.948 [34mINFO [0;39m [34m[0;39m (o.s.b.w.e.t.TomcatWebServer   :108 01.959 [34mINFO [0;39m [34m[0;39m (o.a.c.http11.Http11NioProtocol:173 01.961 [34mINFO [0;39m [34m[0;39m (o.a.c.core.StandardService    :173 01.961 [34mINFO [0;39m [34m[0;39m (o.a.c.core.StandardEngine     :173 02.055 [34mINFO [0;39m [34m[0;39m (o.a.c.c.C.[.[localhost].[/]   :173 02.055 [34mINFO [0;39m [34m[0;39m (o.s.b.w.s.c.ServletWebServerApplicationContext:290 03.139 [34mINFO [0;39m [34m[0;39m (o.s.b.d.a.OptionalLiveReloadServer:58  03.170 [34mINFO [0;39m [34m[0;39m (o.a.c.http11.Http11NioProtocol:173 03.207 [34mINFO [0;39m [34m[0;39m (o.s.b.w.e.t.TomcatWebServer   :220 03.231 [34mINFO [0;39m [34m[0;39m (c.y.w.WikiSpringApplication   :61  03.245 [34mINFO [0;39m [34m[0;39m (c.y.w.WikiSpringApplication   :19  03.245 [34mINFO [0;39m [34m[0;39m (c.y.w.WikiSpringApplication   :20  